# JRE version: OpenJDK Runtime Environment Temurin-21.0.6+7 (21.0.6+7) (build 21.0.6+7-LTS)
# Java VM: OpenJDK 64-Bit Server VM Temurin-21.0.6+7 (21.0.6+7-LTS, mixed mode, sharing, tiered, compressed oops, compressed class ptrs, g1 gc, windows-amd64)
GC Precious Log:
 CardTable entry size: 512
 Card Set container configuration: InlinePtr #cards 5 size 8 Array Of Cards #cards 12 size 40 Howl #buckets 4 coarsen threshold 1843 Howl Bitmap #cards 512 size 80 coarsen threshold 460 Card regions per heap region 1 cards per card region 2048
 CPUs: 6 total, 6 available
 Memory: 7876M
 Large Page Support: Disabled
 NUMA Support: Disabled
 Compressed Oops: Enabled (32-bit)
 Heap Region Size: 1M
 Heap Min Capacity: 8M
 Heap Initial Capacity: 124M
 Heap Max Capacity: 1970M
 Pre-touch: Disabled
 Parallel Workers: 6
 Concurrent Workers: 2
 Concurrent Refinement Workers: 6
 Periodic GC: Disabled
Heap:
 garbage-first heap   total 347136K, used 229585K [0x0000000084e00000, 0x0000000100000000)
  region size 1024K, 29 young (29696K), 12 survivors (12288K)
 Metaspace       used 88721K, committed 89920K, reserved 1179648K
  class space    used 12890K, committed 13440K, reserved 1048576K
GC Heap History (20 events):
Event: 61.156 GC heap before
{Heap before GC invocations=30 (full 0):
 garbage-first heap   total 293888K, used 273969K [0x0000000084e00000, 0x0000000100000000)
  region size 1024K, 99 young (101376K), 4 survivors (4096K)
 Metaspace       used 56353K, committed 57280K, reserved 1114112K
  class space    used 7875K, committed 8320K, reserved 1048576K
}
Event: 61.174 GC heap after
{Heap after GC invocations=31 (full 0):
 garbage-first heap   total 293888K, used 179218K [0x0000000084e00000, 0x0000000100000000)
  region size 1024K, 8 young (8192K), 8 survivors (8192K)
 Metaspace       used 56353K, committed 57280K, reserved 1114112K
  class space    used 7875K, committed 8320K, reserved 1048576K
}
Event: 61.796 GC heap before
{Heap before GC invocations=31 (full 0):
 garbage-first heap   total 293888K, used 269330K [0x0000000084e00000, 0x0000000100000000)
  region size 1024K, 96 young (98304K), 8 survivors (8192K)
 Metaspace       used 56395K, committed 57344K, reserved 1114112K
  class space    used 7880K, committed 8320K, reserved 1048576K
}
Event: 61.814 GC heap after
{Heap after GC invocations=32 (full 0):
 garbage-first heap   total 293888K, used 185739K [0x0000000084e00000, 0x0000000100000000)
  region size 1024K, 12 young (12288K), 12 survivors (12288K)
 Metaspace       used 56395K, committed 57344K, reserved 1114112K
  class space    used 7880K, committed 8320K, reserved 1048576K
}
Event: 64.568 GC heap before
{Heap before GC invocations=33 (full 0):
 garbage-first heap   total 311296K, used 264587K [0x0000000084e00000, 0x0000000100000000)
  region size 1024K, 89 young (91136K), 12 survivors (12288K)
 Metaspace       used 61030K, committed 61952K, reserved 1114112K
  class space    used 8791K, committed 9216K, reserved 1048576K
}
Event: 64.594 GC heap after
{Heap after GC invocations=34 (full 0):
 garbage-first heap   total 311296K, used 188793K [0x0000000084e00000, 0x0000000100000000)
  region size 1024K, 10 young (10240K), 10 survivors (10240K)
 Metaspace       used 61030K, committed 61952K, reserved 1114112K
  class space    used 8791K, committed 9216K, reserved 1048576K
}
Event: 67.736 GC heap before
{Heap before GC invocations=34 (full 0):
 garbage-first heap   total 311296K, used 283001K [0x0000000084e00000, 0x0000000100000000)
  region size 1024K, 102 young (104448K), 10 survivors (10240K)
 Metaspace       used 66526K, committed 67584K, reserved 1114112K
  class space    used 9907K, committed 10368K, reserved 1048576K
}
Event: 67.761 GC heap after
{Heap after GC invocations=35 (full 0):
 garbage-first heap   total 311296K, used 190485K [0x0000000084e00000, 0x0000000100000000)
  region size 1024K, 6 young (6144K), 6 survivors (6144K)
 Metaspace       used 66526K, committed 67584K, reserved 1114112K
  class space    used 9907K, committed 10368K, reserved 1048576K
}
Event: 69.482 GC heap before
{Heap before GC invocations=35 (full 0):
 garbage-first heap   total 311296K, used 287765K [0x0000000084e00000, 0x0000000100000000)
  region size 1024K, 101 young (103424K), 6 survivors (6144K)
 Metaspace       used 69674K, committed 70656K, reserved 1114112K
  class space    used 10365K, committed 10816K, reserved 1048576K
}
Event: 69.494 GC heap after
{Heap after GC invocations=36 (full 0):
 garbage-first heap   total 311296K, used 193667K [0x0000000084e00000, 0x0000000100000000)
  region size 1024K, 9 young (9216K), 9 survivors (9216K)
 Metaspace       used 69674K, committed 70656K, reserved 1114112K
  class space    used 10365K, committed 10816K, reserved 1048576K
}
Event: 71.564 GC heap before
{Heap before GC invocations=37 (full 0):
 garbage-first heap   total 331776K, used 286851K [0x0000000084e00000, 0x0000000100000000)
  region size 1024K, 97 young (99328K), 9 survivors (9216K)
 Metaspace       used 74803K, committed 75968K, reserved 1114112K
  class space    used 11031K, committed 11584K, reserved 1048576K
}
Event: 71.582 GC heap after
{Heap after GC invocations=38 (full 0):
 garbage-first heap   total 331776K, used 204482K [0x0000000084e00000, 0x0000000100000000)
  region size 1024K, 13 young (13312K), 13 survivors (13312K)
 Metaspace       used 74803K, committed 75968K, reserved 1114112K
  class space    used 11031K, committed 11584K, reserved 1048576K
}
Event: 72.751 GC heap before
{Heap before GC invocations=38 (full 0):
 garbage-first heap   total 331776K, used 299714K [0x0000000084e00000, 0x0000000100000000)
  region size 1024K, 107 young (109568K), 13 survivors (13312K)
 Metaspace       used 78177K, committed 79296K, reserved 1179648K
  class space    used 11495K, committed 11968K, reserved 1048576K
}
Event: 72.769 GC heap after
{Heap after GC invocations=39 (full 0):
 garbage-first heap   total 331776K, used 206202K [0x0000000084e00000, 0x0000000100000000)
  region size 1024K, 4 young (4096K), 4 survivors (4096K)
 Metaspace       used 78177K, committed 79296K, reserved 1179648K
  class space    used 11495K, committed 11968K, reserved 1048576K
}
Event: 80.045 GC heap before
{Heap before GC invocations=39 (full 0):
 garbage-first heap   total 331776K, used 308602K [0x0000000084e00000, 0x0000000100000000)
  region size 1024K, 105 young (107520K), 4 survivors (4096K)
 Metaspace       used 81693K, committed 82816K, reserved 1179648K
  class space    used 11894K, committed 12416K, reserved 1048576K
}
Event: 80.053 GC heap after
{Heap after GC invocations=40 (full 0):
 garbage-first heap   total 331776K, used 207739K [0x0000000084e00000, 0x0000000100000000)
  region size 1024K, 5 young (5120K), 5 survivors (5120K)
 Metaspace       used 81693K, committed 82816K, reserved 1179648K
  class space    used 11894K, committed 12416K, reserved 1048576K
}
Event: 84.416 GC heap before
{Heap before GC invocations=41 (full 0):
 garbage-first heap   total 347136K, used 308091K [0x0000000084e00000, 0x0000000100000000)
  region size 1024K, 103 young (105472K), 5 survivors (5120K)
 Metaspace       used 84167K, committed 85312K, reserved 1179648K
  class space    used 12143K, committed 12672K, reserved 1048576K
}
Event: 84.427 GC heap after
{Heap after GC invocations=42 (full 0):
 garbage-first heap   total 347136K, used 208896K [0x0000000084e00000, 0x0000000100000000)
  region size 1024K, 6 young (6144K), 6 survivors (6144K)
 Metaspace       used 84167K, committed 85312K, reserved 1179648K
  class space    used 12143K, committed 12672K, reserved 1048576K
}
Event: 96.772 GC heap before
{Heap before GC invocations=42 (full 0):
 garbage-first heap   total 347136K, used 321536K [0x0000000084e00000, 0x0000000100000000)
  region size 1024K, 117 young (119808K), 6 survivors (6144K)
 Metaspace       used 88415K, committed 89664K, reserved 1179648K
  class space    used 12848K, committed 13440K, reserved 1048576K
}
Event: 96.796 GC heap after
{Heap after GC invocations=43 (full 0):
 garbage-first heap   total 347136K, used 213201K [0x0000000084e00000, 0x0000000100000000)
  region size 1024K, 12 young (12288K), 12 survivors (12288K)
 Metaspace       used 88415K, committed 89664K, reserved 1179648K
  class space    used 12848K, committed 13440K, reserved 1048576K
}

